#
# There is insufficient memory for the Java Runtime Environment to continue.
# Native memory allocation (mmap) failed to map 2147483648 bytes for committing reserved memory.
# Possible reasons:
#   The system is out of physical RAM or swap space
#   In 32 bit mode, the process size limit was hit
# Possible solutions:
#   Reduce memory load on the system
#   Increase physical memory or swap space
#   Check if swap backing store is full
#   Use 64 bit Java on a 64 bit OS
#   Decrease Java heap size (-Xmx/-Xms)
#   Decrease number of Java threads
#   Decrease Java thread stack sizes (-Xss)
#   Set larger code cache with -XX:ReservedCodeCacheSize=
# This output file may be truncated or incomplete.
#
#  Out of Memory Error (os_linux.cpp:2643), pid=12066, tid=0x00007f6537877700
#
# JRE version:  (8.0_141-b15) (build )
# Java VM: OpenJDK 64-Bit Server VM (25.141-b15 mixed mode linux-amd64 compressed oops)
# Failed to write core dump. Core dumps have been disabled. To enable core dumping, try "ulimit -c unlimited" before starting Java again
#

---------------  T H R E A D  ---------------

Current thread (0x00007f653000e000):  JavaThread "Unknown thread" [_thread_in_vm, id=12073, stack(0x00007f6537837000,0x00007f6537878000)]

Stack: [0x00007f6537837000,0x00007f6537878000],  sp=0x00007f65378764e0,  free space=253k
Native frames: (J=compiled Java code, j=interpreted, Vv=VM code, C=native code)
V  [libjvm.so+0xa6ea60]  VMError::report_and_die()+0x160
V  [libjvm.so+0x4c792c]  report_vm_out_of_memory(char const*, int, unsigned long, VMErrorType, char const*)+0xac
V  [libjvm.so+0x8bddc0]  os::pd_commit_memory(char*, unsigned long, unsigned long, bool)+0xf0
V  [libjvm.so+0x8b844e]  os::commit_memory(char*, unsigned long, unsigned long, bool)+0x2e
V  [libjvm.so+0xa6b654]  VirtualSpace::expand_by(unsigned long, bool)+0x1a4
V  [libjvm.so+0x5cc2c6]  Generation::Generation(ReservedSpace, unsigned long, int)+0x96
V  [libjvm.so+0x4d0ebf]  DefNewGeneration::DefNewGeneration(ReservedSpace, unsigned long, int, char const*)+0x3f
V  [libjvm.so+0x8dd41e]  ParNewGeneration::ParNewGeneration(ReservedSpace, unsigned long, int)+0x3e
V  [libjvm.so+0x5cd733]  GenerationSpec::init(ReservedSpace, int, GenRemSet*)+0x3e3
V  [libjvm.so+0x5b854f]  GenCollectedHeap::initialize()+0x21f
V  [libjvm.so+0xa32c61]  Universe::initialize_heap()+0x1a1
V  [libjvm.so+0xa32ec2]  universe_init()+0x42
V  [libjvm.so+0x61168f]  init_globals()+0x5f
V  [libjvm.so+0xa1745a]  Threads::create_vm(JavaVMInitArgs*, bool*)+0x30a
V  [libjvm.so+0x68be01]  JNI_CreateJavaVM+0x61
C  [libjli.so+0x2f06]
C  [libjli.so+0x748d]
C  [libpthread.so.0+0x7494]  start_thread+0xc4


---------------  P R O C E S S  ---------------

Java Threads: ( => current thread )

Other Threads:

=>0x00007f653000e000 (exited) JavaThread "Unknown thread" [_thread_in_vm, id=12073, stack(0x00007f6537837000,0x00007f6537878000)]

VM state:not at safepoint (not fully initialized)

VM Mutex/Monitor currently owned by a thread: None

GC Heap History (0 events):
No events

Deoptimization events (0 events):
No events

Internal exceptions (0 events):
No events

Events (0 events):
No events


Dynamic libraries:
700000000-7c0000000 ---p 00000000 00:00 0 
55cf03a5b000-55cf03a5c000 r-xp 00000000 08:08 674711                     /usr/lib/jvm/java-8-openjdk-amd64/jre/bin/java
55cf03c5b000-55cf03c5c000 r--p 00000000 08:08 674711                     /usr/lib/jvm/java-8-openjdk-amd64/jre/bin/java
55cf03c5c000-55cf03c5d000 rw-p 00001000 08:08 674711                     /usr/lib/jvm/java-8-openjdk-amd64/jre/bin/java
55cf04871000-55cf04892000 rw-p 00000000 00:00 0                          [heap]
7f650c000000-7f650c021000 rw-p 00000000 00:00 0 
7f650c021000-7f6510000000 ---p 00000000 00:00 0 
7f65135ff000-7f6513fff000 ---p 00000000 00:00 0 
7f6513fff000-7f6514000000 rw-p 00000000 00:00 0 
7f6514000000-7f6514021000 rw-p 00000000 00:00 0 
7f6514021000-7f6518000000 ---p 00000000 00:00 0 
7f6518000000-7f6518021000 rw-p 00000000 00:00 0 
7f6518021000-7f651c000000 ---p 00000000 00:00 0 
7f651c000000-7f651c021000 rw-p 00000000 00:00 0 
7f651c021000-7f6520000000 ---p 00000000 00:00 0 
7f65206cc000-7f652093d000 rw-p 00000000 00:00 0 
7f652093d000-7f652093e000 ---p 00000000 00:00 0 
7f652093e000-7f6520a3e000 rw-p 00000000 00:00 0 
7f6520a3e000-7f6520a3f000 ---p 00000000 00:00 0 
7f6520a3f000-7f6520b3f000 rw-p 00000000 00:00 0 
7f6520b3f000-7f6520b40000 ---p 00000000 00:00 0 
7f6520b40000-7f6520c4a000 rw-p 00000000 00:00 0 
7f6520c4a000-7f6521000000 ---p 00000000 00:00 0 
7f6521000000-7f6521270000 rwxp 00000000 00:00 0 
7f6521270000-7f6530000000 ---p 00000000 00:00 0 
7f6530000000-7f653003c000 rw-p 00000000 00:00 0 
7f653003c000-7f6534000000 ---p 00000000 00:00 0 
7f6534021000-7f6534029000 r-xp 00000000 08:08 674757                     /usr/lib/jvm/java-8-openjdk-amd64/jre/lib/amd64/libzip.so
7f6534029000-7f6534228000 ---p 00008000 08:08 674757                     /usr/lib/jvm/java-8-openjdk-amd64/jre/lib/amd64/libzip.so
7f6534228000-7f6534229000 r--p 00007000 08:08 674757                     /usr/lib/jvm/java-8-openjdk-amd64/jre/lib/amd64/libzip.so
7f6534229000-7f653422a000 rw-p 00008000 08:08 674757                     /usr/lib/jvm/java-8-openjdk-amd64/jre/lib/amd64/libzip.so
7f653422a000-7f6534234000 r-xp 00000000 08:08 1179062                    /lib/x86_64-linux-gnu/libnss_files-2.24.so
7f6534234000-7f6534434000 ---p 0000a000 08:08 1179062                    /lib/x86_64-linux-gnu/libnss_files-2.24.so
7f6534434000-7f6534435000 r--p 0000a000 08:08 1179062                    /lib/x86_64-linux-gnu/libnss_files-2.24.so
7f6534435000-7f6534436000 rw-p 0000b000 08:08 1179062                    /lib/x86_64-linux-gnu/libnss_files-2.24.so
7f6534436000-7f653443c000 rw-p 00000000 00:00 0 
7f653443c000-7f6534447000 r-xp 00000000 08:08 1179064                    /lib/x86_64-linux-gnu/libnss_nis-2.24.so
7f6534447000-7f6534646000 ---p 0000b000 08:08 1179064                    /lib/x86_64-linux-gnu/libnss_nis-2.24.so
7f6534646000-7f6534647000 r--p 0000a000 08:08 1179064                    /lib/x86_64-linux-gnu/libnss_nis-2.24.so
7f6534647000-7f6534648000 rw-p 0000b000 08:08 1179064                    /lib/x86_64-linux-gnu/libnss_nis-2.24.so
7f6534648000-7f653465c000 r-xp 00000000 08:08 1179059                    /lib/x86_64-linux-gnu/libnsl-2.24.so
7f653465c000-7f653485c000 ---p 00014000 08:08 1179059                    /lib/x86_64-linux-gnu/libnsl-2.24.so
7f653485c000-7f653485d000 r--p 00014000 08:08 1179059                    /lib/x86_64-linux-gnu/libnsl-2.24.so
7f653485d000-7f653485e000 rw-p 00015000 08:08 1179059                    /lib/x86_64-linux-gnu/libnsl-2.24.so
7f653485e000-7f6534860000 rw-p 00000000 00:00 0 
7f6534860000-7f6534867000 r-xp 00000000 08:08 1179060                    /lib/x86_64-linux-gnu/libnss_compat-2.24.so
7f6534867000-7f6534a66000 ---p 00007000 08:08 1179060                    /lib/x86_64-linux-gnu/libnss_compat-2.24.so
7f6534a66000-7f6534a67000 r--p 00006000 08:08 1179060                    /lib/x86_64-linux-gnu/libnss_compat-2.24.so
7f6534a67000-7f6534a68000 rw-p 00007000 08:08 1179060                    /lib/x86_64-linux-gnu/libnss_compat-2.24.so
7f6534a68000-7f6534a72000 r-xp 00000000 08:08 674733                     /usr/lib/jvm/java-8-openjdk-amd64/jre/lib/amd64/libinstrument.so
7f6534a72000-7f6534c71000 ---p 0000a000 08:08 674733                     /usr/lib/jvm/java-8-openjdk-amd64/jre/lib/amd64/libinstrument.so
7f6534c71000-7f6534c72000 r--p 00009000 08:08 674733                     /usr/lib/jvm/java-8-openjdk-amd64/jre/lib/amd64/libinstrument.so
7f6534c72000-7f6534c73000 rw-p 0000a000 08:08 674733                     /usr/lib/jvm/java-8-openjdk-amd64/jre/lib/amd64/libinstrument.so
7f6534c73000-7f6534ca0000 r-xp 00000000 08:08 674738                     /usr/lib/jvm/java-8-openjdk-amd64/jre/lib/amd64/libjava.so
7f6534ca0000-7f6534e9f000 ---p 0002d000 08:08 674738                     /usr/lib/jvm/java-8-openjdk-amd64/jre/lib/amd64/libjava.so
7f6534e9f000-7f6534ea0000 r--p 0002c000 08:08 674738                     /usr/lib/jvm/java-8-openjdk-amd64/jre/lib/amd64/libjava.so
7f6534ea0000-7f6534ea2000 rw-p 0002d000 08:08 674738                     /usr/lib/jvm/java-8-openjdk-amd64/jre/lib/amd64/libjava.so
7f6534ea2000-7f6534eb1000 r-xp 00000000 08:08 674756                     /usr/lib/jvm/java-8-openjdk-amd64/jre/lib/amd64/libverify.so
7f6534eb1000-7f65350b1000 ---p 0000f000 08:08 674756                     /usr/lib/jvm/java-8-openjdk-amd64/jre/lib/amd64/libverify.so
7f65350b1000-7f65350b3000 r--p 0000f000 08:08 674756                     /usr/lib/jvm/java-8-openjdk-amd64/jre/lib/amd64/libverify.so
7f65350b3000-7f65350b4000 rw-p 00011000 08:08 674756                     /usr/lib/jvm/java-8-openjdk-amd64/jre/lib/amd64/libverify.so
7f65350b4000-7f65350bb000 r-xp 00000000 08:08 1179069                    /lib/x86_64-linux-gnu/librt-2.24.so
7f65350bb000-7f65352ba000 ---p 00007000 08:08 1179069                    /lib/x86_64-linux-gnu/librt-2.24.so
7f65352ba000-7f65352bb000 r--p 00006000 08:08 1179069                    /lib/x86_64-linux-gnu/librt-2.24.so
7f65352bb000-7f65352bc000 rw-p 00007000 08:08 1179069                    /lib/x86_64-linux-gnu/librt-2.24.so
7f65352bc000-7f65352d2000 r-xp 00000000 08:08 1179032                    /lib/x86_64-linux-gnu/libgcc_s.so.1
7f65352d2000-7f65354d1000 ---p 00016000 08:08 1179032                    /lib/x86_64-linux-gnu/libgcc_s.so.1
7f65354d1000-7f65354d2000 r--p 00015000 08:08 1179032                    /lib/x86_64-linux-gnu/libgcc_s.so.1
7f65354d2000-7f65354d3000 rw-p 00016000 08:08 1179032                    /lib/x86_64-linux-gnu/libgcc_s.so.1
7f65354d3000-7f65355d6000 r-xp 00000000 08:08 1179056                    /lib/x86_64-linux-gnu/libm-2.24.so
7f65355d6000-7f65357d5000 ---p 00103000 08:08 1179056                    /lib/x86_64-linux-gnu/libm-2.24.so
7f65357d5000-7f65357d6000 r--p 00102000 08:08 1179056                    /lib/x86_64-linux-gnu/libm-2.24.so
7f65357d6000-7f65357d7000 rw-p 00103000 08:08 1179056                    /lib/x86_64-linux-gnu/libm-2.24.so
7f65357d7000-7f6535949000 r-xp 00000000 08:08 659647                     /usr/lib/x86_64-linux-gnu/libstdc++.so.6.0.24
7f6535949000-7f6535b49000 ---p 00172000 08:08 659647                     /usr/lib/x86_64-linux-gnu/libstdc++.so.6.0.24
7f6535b49000-7f6535b53000 r--p 00172000 08:08 659647                     /usr/lib/x86_64-linux-gnu/libstdc++.so.6.0.24
7f6535b53000-7f6535b55000 rw-p 0017c000 08:08 659647                     /usr/lib/x86_64-linux-gnu/libstdc++.so.6.0.24
7f6535b55000-7f6535b58000 rw-p 00000000 00:00 0 
7f6535b58000-7f65367b1000 r-xp 00000000 08:08 674760                     /usr/lib/jvm/java-8-openjdk-amd64/jre/lib/amd64/server/libjvm.so
7f65367b1000-7f65369b1000 ---p 00c59000 08:08 674760                     /usr/lib/jvm/java-8-openjdk-amd64/jre/lib/amd64/server/libjvm.so
7f65369b1000-7f6536a44000 r--p 00c59000 08:08 674760                     /usr/lib/jvm/java-8-openjdk-amd64/jre/lib/amd64/server/libjvm.so
7f6536a44000-7f6536a6d000 rw-p 00cec000 08:08 674760                     /usr/lib/jvm/java-8-openjdk-amd64/jre/lib/amd64/server/libjvm.so
7f6536a6d000-7f6536a9d000 rw-p 00000000 00:00 0 
7f6536a9d000-7f6536c32000 r-xp 00000000 08:08 1179052                    /lib/x86_64-linux-gnu/libc-2.24.so
7f6536c32000-7f6536e32000 ---p 00195000 08:08 1179052                    /lib/x86_64-linux-gnu/libc-2.24.so
7f6536e32000-7f6536e36000 r--p 00195000 08:08 1179052                    /lib/x86_64-linux-gnu/libc-2.24.so
7f6536e36000-7f6536e38000 rw-p 00199000 08:08 1179052                    /lib/x86_64-linux-gnu/libc-2.24.so
7f6536e38000-7f6536e3c000 rw-p 00000000 00:00 0 
7f6536e3c000-7f6536e3f000 r-xp 00000000 08:08 1179055                    /lib/x86_64-linux-gnu/libdl-2.24.so
7f6536e3f000-7f653703e000 ---p 00003000 08:08 1179055                    /lib/x86_64-linux-gnu/libdl-2.24.so
7f653703e000-7f653703f000 r--p 00002000 08:08 1179055                    /lib/x86_64-linux-gnu/libdl-2.24.so
7f653703f000-7f6537040000 rw-p 00003000 08:08 1179055                    /lib/x86_64-linux-gnu/libdl-2.24.so
7f6537040000-7f653704d000 r-xp 00000000 08:08 674724                     /usr/lib/jvm/java-8-openjdk-amd64/jre/lib/amd64/jli/libjli.so
7f653704d000-7f653724d000 ---p 0000d000 08:08 674724                     /usr/lib/jvm/java-8-openjdk-amd64/jre/lib/amd64/jli/libjli.so
7f653724d000-7f653724e000 r--p 0000d000 08:08 674724                     /usr/lib/jvm/java-8-openjdk-amd64/jre/lib/amd64/jli/libjli.so
7f653724e000-7f653724f000 rw-p 0000e000 08:08 674724                     /usr/lib/jvm/java-8-openjdk-amd64/jre/lib/amd64/jli/libjli.so
7f653724f000-7f6537268000 r-xp 00000000 08:08 1178955                    /lib/x86_64-linux-gnu/libz.so.1.2.8
7f6537268000-7f6537467000 ---p 00019000 08:08 1178955                    /lib/x86_64-linux-gnu/libz.so.1.2.8
7f6537467000-7f6537468000 r--p 00018000 08:08 1178955                    /lib/x86_64-linux-gnu/libz.so.1.2.8
7f6537468000-7f6537469000 rw-p 00019000 08:08 1178955                    /lib/x86_64-linux-gnu/libz.so.1.2.8
7f6537469000-7f6537481000 r-xp 00000000 08:08 1179067                    /lib/x86_64-linux-gnu/libpthread-2.24.so
7f6537481000-7f6537680000 ---p 00018000 08:08 1179067                    /lib/x86_64-linux-gnu/libpthread-2.24.so
7f6537680000-7f6537681000 r--p 00017000 08:08 1179067                    /lib/x86_64-linux-gnu/libpthread-2.24.so
7f6537681000-7f6537682000 rw-p 00018000 08:08 1179067                    /lib/x86_64-linux-gnu/libpthread-2.24.so
7f6537682000-7f6537686000 rw-p 00000000 00:00 0 
7f6537686000-7f65376a9000 r-xp 00000000 08:08 1179048                    /lib/x86_64-linux-gnu/ld-2.24.so
7f6537736000-7f6537737000 ---p 00000000 00:00 0 
7f6537737000-7f6537837000 rw-p 00000000 00:00 0 
7f6537837000-7f653783a000 ---p 00000000 00:00 0 
7f653783a000-7f653787c000 rw-p 00000000 00:00 0 
7f653789c000-7f65378a4000 rw-s 00000000 08:08 1340438                    /tmp/hsperfdata_ss/12066
7f65378a4000-7f65378a5000 rw-p 00000000 00:00 0 
7f65378a5000-7f65378a6000 r--p 00000000 00:00 0 
7f65378a6000-7f65378a9000 rw-p 00000000 00:00 0 
7f65378a9000-7f65378aa000 r--p 00023000 08:08 1179048                    /lib/x86_64-linux-gnu/ld-2.24.so
7f65378aa000-7f65378ab000 rw-p 00024000 08:08 1179048                    /lib/x86_64-linux-gnu/ld-2.24.so
7f65378ab000-7f65378ac000 rw-p 00000000 00:00 0 
7fff11919000-7fff1193b000 rw-p 00000000 00:00 0                          [stack]
7fff119f0000-7fff119f2000 r--p 00000000 00:00 0                          [vvar]
7fff119f2000-7fff119f4000 r-xp 00000000 00:00 0                          [vdso]
ffffffffff600000-ffffffffff601000 r-xp 00000000 00:00 0                  [vsyscall]

VM Arguments:
jvm_args: -Djava.awt.headless=true -Djava.net.preferIPv4Stack=true -Xmx5g -Xms5g -Xmn2048m -XX:PermSize=128m -Xss256k -XX:+UseConcMarkSweepGC -XX:+CMSParallelRemarkEnabled -XX:+UseCMSCompactAtFullCollection -XX:LargePageSizeInBytes=128m -XX:+UseFastAccessorMethods -XX:+UseCMSInitiatingOccupancyOnly -XX:CMSInitiatingOccupancyFraction=70 -javaagent:/home/ss/idea/lib/idea_rt.jar=42885:/home/ss/idea/bin -Dfile.encoding=UTF-8 -Dawt.useSystemAAFontSettings=gasp 
java_command: com.corundumstudio.socketio.demo.ChatLauncher
java_class_path (initial): /usr/lib/jvm/java-1.8.0-openjdk-amd64/jre/lib/charsets.jar:/usr/lib/jvm/java-1.8.0-openjdk-amd64/jre/lib/ext/cldrdata.jar:/usr/lib/jvm/java-1.8.0-openjdk-amd64/jre/lib/ext/dnsns.jar:/usr/lib/jvm/java-1.8.0-openjdk-amd64/jre/lib/ext/icedtea-sound.jar:/usr/lib/jvm/java-1.8.0-openjdk-amd64/jre/lib/ext/jaccess.jar:/usr/lib/jvm/java-1.8.0-openjdk-amd64/jre/lib/ext/java-atk-wrapper.jar:/usr/lib/jvm/java-1.8.0-openjdk-amd64/jre/lib/ext/localedata.jar:/usr/lib/jvm/java-1.8.0-openjdk-amd64/jre/lib/ext/nashorn.jar:/usr/lib/jvm/java-1.8.0-openjdk-amd64/jre/lib/ext/sunec.jar:/usr/lib/jvm/java-1.8.0-openjdk-amd64/jre/lib/ext/sunjce_provider.jar:/usr/lib/jvm/java-1.8.0-openjdk-amd64/jre/lib/ext/sunpkcs11.jar:/usr/lib/jvm/java-1.8.0-openjdk-amd64/jre/lib/ext/zipfs.jar:/usr/lib/jvm/java-1.8.0-openjdk-amd64/jre/lib/jce.jar:/usr/lib/jvm/java-1.8.0-openjdk-amd64/jre/lib/jsse.jar:/usr/lib/jvm/java-1.8.0-openjdk-amd64/jre/lib/management-agent.jar:/usr/lib/jvm/java-1.8.0-openjdk-amd64/jre/lib/resources.jar:/usr/lib/jvm/java-1.8.0-openjdk-amd64/jre/lib/rt.jar:/home/ss/netty-socketio-demo/server/out/production/classes:/home/ss/netty-socketio-demo/server/out/production/resources:/home/ss/.gradle/caches/modules-2/files-2.1/com.corundumstudio.socketio/netty-socketio/1.7.7/8d5dc9e61218135b8ff3ce72b1ce2f66467f6c52/netty-socketio-1.7.7.jar:/home/ss/.gradle/caches/modules-2/files-2.1/ch.qos.logback/logback-classic/1.0.13/6b56ec752b42ccfa1415c0361fb54b1ed7ca3db6/logback-classic-1.0.13.jar:/home/ss/.gradle/caches/modules-2/files-2.1/org.slf4j/slf4j-api/1.7.7/2b8019b6249bb05d81d3a3094e468753e2b21311/slf4j-api-1.7.7.jar:/home/ss/.gradle/caches/modules-2/files-2.1/ch.qos.logback/logback-core/1.0.13/dc6e6ce937347bd4d990fc89f4ceb469db53e45e/logback-core-1.0.13.jar:/home/ss/.gradle/caches/modules-2/files-2.1/redis.clients/jedis/2.9.0/292bc9cc26553acd3cccc26f2f95620bf88a04c2/jedis-2.9.0.jar:/home/ss/.gradle/caches/modules-2/files-2.1/junit/junit/4.12/2973d150c0dc1fefe998f83481
Launcher Type: SUN_STANDARD

Environment Variables:
_JAVA_OPTIONS=  -Dawt.useSystemAAFontSettings=gasp
PATH=/usr/local/bin:/usr/bin:/bin:/usr/local/games:/usr/games:/sbin:/usr/sbin
LD_LIBRARY_PATH=/home/ss/idea/bin:
SHELL=/bin/bash
DISPLAY=:0

Signal Handlers:
SIGSEGV: [libjvm.so+0xa6f4f0], sa_mask[0]=11111111011111111101111111111110, sa_flags=SA_RESTART|SA_SIGINFO
SIGBUS: [libjvm.so+0xa6f4f0], sa_mask[0]=11111111011111111101111111111110, sa_flags=SA_RESTART|SA_SIGINFO
SIGFPE: [libjvm.so+0x8b95e0], sa_mask[0]=11111111011111111101111111111110, sa_flags=SA_RESTART|SA_SIGINFO
SIGPIPE: [libjvm.so+0x8b95e0], sa_mask[0]=11111111011111111101111111111110, sa_flags=SA_RESTART|SA_SIGINFO
SIGXFSZ: [libjvm.so+0x8b95e0], sa_mask[0]=11111111011111111101111111111110, sa_flags=SA_RESTART|SA_SIGINFO
SIGILL: [libjvm.so+0x8b95e0], sa_mask[0]=11111111011111111101111111111110, sa_flags=SA_RESTART|SA_SIGINFO
SIGUSR1: SIG_DFL, sa_mask[0]=00000000000000000000000000000000, sa_flags=none
SIGUSR2: [libjvm.so+0x8b9490], sa_mask[0]=00100000000000000000000000000000, sa_flags=SA_RESTART|SA_SIGINFO
SIGHUP: SIG_IGN, sa_mask[0]=00000000000000000000000000000000, sa_flags=none
SIGINT: SIG_DFL, sa_mask[0]=00000000000000000000000000000000, sa_flags=none
SIGTERM: SIG_DFL, sa_mask[0]=00000000000000000000000000000000, sa_flags=none
SIGQUIT: SIG_DFL, sa_mask[0]=00000000000000000000000000000000, sa_flags=none


---------------  S Y S T E M  ---------------

OS:DISTRIB_ID=Deepin
DISTRIB_RELEASE=15.5 Beta
DISTRIB_DESCRIPTION="Deepin 15.5 Beta "
DISTRIB_CODENAME=unstable

uname:Linux 4.9.0-deepin13-amd64 #1 SMP PREEMPT Deepin 4.9.57-1 (2017-10-19) x86_64
libc:glibc 2.24 NPTL 2.24 
rlimit: STACK 8192k, CORE 0k, NPROC 63157, NOFILE 1000000, AS infinity
load average:1.27 1.18 1.26

/proc/meminfo:
MemTotal:       16276632 kB
MemFree:          358520 kB
MemAvailable:    1752796 kB
Buffers:          131476 kB
Cached:          2105804 kB
SwapCached:            0 kB
Active:         14384180 kB
Inactive:        1105656 kB
Active(anon):   13254256 kB
Inactive(anon):   642432 kB
Active(file):    1129924 kB
Inactive(file):   463224 kB
Unevictable:         384 kB
Mlocked:             384 kB
SwapTotal:             0 kB
SwapFree:              0 kB
Dirty:               336 kB
Writeback:             0 kB
AnonPages:      13253144 kB
Mapped:           961060 kB
Shmem:            644136 kB
Slab:             190788 kB
SReclaimable:     117864 kB
SUnreclaim:        72924 kB
KernelStack:       18324 kB
PageTables:        93764 kB
NFS_Unstable:          0 kB
Bounce:                0 kB
WritebackTmp:          0 kB
CommitLimit:     8138316 kB
Committed_AS:   25898560 kB
VmallocTotal:   34359738367 kB
VmallocUsed:           0 kB
VmallocChunk:          0 kB
HardwareCorrupted:     0 kB
AnonHugePages:         0 kB
ShmemHugePages:        0 kB
ShmemPmdMapped:        0 kB
HugePages_Total:       0
HugePages_Free:        0
HugePages_Rsvd:        0
HugePages_Surp:        0
Hugepagesize:       2048 kB
DirectMap4k:      221596 kB
DirectMap2M:    11153408 kB
DirectMap1G:     5242880 kB


CPU:total 4 (initial active 4) (2 cores per cpu, 2 threads per core) family 6 model 142 stepping 9, cmov, cx8, fxsr, mmx, sse, sse2, sse3, ssse3, sse4.1, sse4.2, popcnt, avx, avx2, aes, clmul, erms, 3dnowpref, lzcnt, ht, tsc, tscinvbit, bmi1, bmi2, adx

/proc/cpuinfo:
processor	: 0
vendor_id	: GenuineIntel
cpu family	: 6
model		: 142
model name	: Intel(R) Core(TM) i5-7200U CPU @ 2.50GHz
stepping	: 9
microcode	: 0x3c
cpu MHz		: 2500.000
cache size	: 3072 KB
physical id	: 0
siblings	: 4
core id		: 0
cpu cores	: 2
apicid		: 0
initial apicid	: 0
fpu		: yes
fpu_exception	: yes
cpuid level	: 22
wp		: yes
flags		: fpu vme de pse tsc msr pae mce cx8 apic sep mtrr pge mca cmov pat pse36 clflush dts acpi mmx fxsr sse sse2 ss ht tm pbe syscall nx pdpe1gb rdtscp lm constant_tsc art arch_perfmon pebs bts rep_good nopl xtopology nonstop_tsc aperfmperf eagerfpu pni pclmulqdq dtes64 monitor ds_cpl vmx est tm2 ssse3 sdbg fma cx16 xtpr pdcm pcid sse4_1 sse4_2 x2apic movbe popcnt tsc_deadline_timer aes xsave avx f16c rdrand lahf_lm abm 3dnowprefetch epb intel_pt tpr_shadow vnmi flexpriority ept vpid fsgsbase tsc_adjust bmi1 avx2 smep bmi2 erms invpcid mpx rdseed adx smap clflushopt xsaveopt xsavec xgetbv1 xsaves dtherm ida arat pln pts hwp hwp_notify hwp_act_window hwp_epp
bugs		:
bogomips	: 5424.00
clflush size	: 64
cache_alignment	: 64
address sizes	: 39 bits physical, 48 bits virtual
power management:

processor	: 1
vendor_id	: GenuineIntel
cpu family	: 6
model		: 142
model name	: Intel(R) Core(TM) i5-7200U CPU @ 2.50GHz
stepping	: 9
microcode	: 0x3c
cpu MHz		: 2500.000
cache size	: 3072 KB
physical id	: 0
siblings	: 4
core id		: 1
cpu cores	: 2
apicid		: 2
initial apicid	: 2
fpu		: yes
fpu_exception	: yes
cpuid level	: 22
wp		: yes
flags		: fpu vme de pse tsc msr pae mce cx8 apic sep mtrr pge mca cmov pat pse36 clflush dts acpi mmx fxsr sse sse2 ss ht tm pbe syscall nx pdpe1gb rdtscp lm constant_tsc art arch_perfmon pebs bts rep_good nopl xtopology nonstop_tsc aperfmperf eagerfpu pni pclmulqdq dtes64 monitor ds_cpl vmx est tm2 ssse3 sdbg fma cx16 xtpr pdcm pcid sse4_1 sse4_2 x2apic movbe popcnt tsc_deadline_timer aes xsave avx f16c rdrand lahf_lm abm 3dnowprefetch epb intel_pt tpr_shadow vnmi flexpriority ept vpid fsgsbase tsc_adjust bmi1 avx2 smep bmi2 erms invpcid mpx rdseed adx smap clflushopt xsaveopt xsavec xgetbv1 xsaves dtherm ida arat pln pts hwp hwp_notify hwp_act_window hwp_epp
bugs		:
bogomips	: 5424.00
clflush size	: 64
cache_alignment	: 64
address sizes	: 39 bits physical, 48 bits virtual
power management:

processor	: 2
vendor_id	: GenuineIntel
cpu family	: 6
model		: 142
model name	: Intel(R) Core(TM) i5-7200U CPU @ 2.50GHz
stepping	: 9
microcode	: 0x3c
cpu MHz		: 2500.000
cache size	: 3072 KB
physical id	: 0
siblings	: 4
core id		: 0
cpu cores	: 2
apicid		: 1
initial apicid	: 1
fpu		: yes
fpu_exception	: yes
cpuid level	: 22
wp		: yes
flags		: fpu vme de pse tsc msr pae mce cx8 apic sep mtrr pge mca cmov pat pse36 clflush dts acpi mmx fxsr sse sse2 ss ht tm pbe syscall nx pdpe1gb rdtscp lm constant_tsc art arch_perfmon pebs bts rep_good nopl xtopology nonstop_tsc aperfmperf eagerfpu pni pclmulqdq dtes64 monitor ds_cpl vmx est tm2 ssse3 sdbg fma cx16 xtpr pdcm pcid sse4_1 sse4_2 x2apic movbe popcnt tsc_deadline_timer aes xsave avx f16c rdrand lahf_lm abm 3dnowprefetch epb intel_pt tpr_shadow vnmi flexpriority ept vpid fsgsbase tsc_adjust bmi1 avx2 smep bmi2 erms invpcid mpx rdseed adx smap clflushopt xsaveopt xsavec xgetbv1 xsaves dtherm ida arat pln pts hwp hwp_notify hwp_act_window hwp_epp
bugs		:
bogomips	: 5424.00
clflush size	: 64
cache_alignment	: 64
address sizes	: 39 bits physical, 48 bits virtual
power management:

processor	: 3
vendor_id	: GenuineIntel
cpu family	: 6
model		: 142
model name	: Intel(R) Core(TM) i5-7200U CPU @ 2.50GHz
stepping	: 9
microcode	: 0x3c
cpu MHz		: 2500.000
cache size	: 3072 KB
physical id	: 0
siblings	: 4
core id		: 1
cpu cores	: 2
apicid		: 3
initial apicid	: 3
fpu		: yes
fpu_exception	: yes
cpuid level	: 22
wp		: yes
flags		: fpu vme de pse tsc msr pae mce cx8 apic sep mtrr pge mca cmov pat pse36 clflush dts acpi mmx fxsr sse sse2 ss ht tm pbe syscall nx pdpe1gb rdtscp lm constant_tsc art arch_perfmon pebs bts rep_good nopl xtopology nonstop_tsc aperfmperf eagerfpu pni pclmulqdq dtes64 monitor ds_cpl vmx est tm2 ssse3 sdbg fma cx16 xtpr pdcm pcid sse4_1 sse4_2 x2apic movbe popcnt tsc_deadline_timer aes xsave avx f16c rdrand lahf_lm abm 3dnowprefetch epb intel_pt tpr_shadow vnmi flexpriority ept vpid fsgsbase tsc_adjust bmi1 avx2 smep bmi2 erms invpcid mpx rdseed adx smap clflushopt xsaveopt xsavec xgetbv1 xsaves dtherm ida arat pln pts hwp hwp_notify hwp_act_window hwp_epp
bugs		:
bogomips	: 5424.00
clflush size	: 64
cache_alignment	: 64
address sizes	: 39 bits physical, 48 bits virtual
power management:



Memory: 4k page, physical 16276632k(358520k free), swap 0k(0k free)

vm_info: OpenJDK 64-Bit Server VM (25.141-b15) for linux-amd64 JRE (1.8.0_141-8u141-b15-3-b15), built on Jul 25 2017 15:03:27 by "buildd" with gcc 6.4.0 20170704

time: Sun Nov 12 18:46:43 2017
elapsed time: 0 seconds (0d 0h 0m 0s)

